--- Startup times for process: Primary (or UI client) ---

times in msec
 clock   self+sourced   self:  sourced script
 clock   elapsed:              other lines

000.001  000.001: --- NVIM STARTING ---
000.097  000.096: event init
000.292  000.195: early init
000.468  000.176: locale set
000.506  000.038: init first window
001.042  000.536: inits 1
001.050  000.008: window checked
001.052  000.002: parsing arguments
001.600  000.047  000.047: require('vim.shared')
001.694  000.036  000.036: require('vim.inspect')
001.739  000.037  000.037: require('vim._options')
001.742  000.139  000.066: require('vim._editor')
001.743  000.223  000.038: require('vim._init_packages')
001.745  000.470: init lua interpreter
004.707  002.962: nvim_ui_attach
005.141  000.434: nvim_set_client_info
005.143  000.002: --- NVIM STARTED ---

--- Startup times for process: Embedded ---

times in msec
 clock   self+sourced   self:  sourced script
 clock   elapsed:              other lines

000.000  000.000: --- NVIM STARTING ---
000.080  000.080: event init
000.192  000.112: early init
000.329  000.136: locale set
000.348  000.019: init first window
000.624  000.276: inits 1
000.645  000.021: window checked
000.646  000.002: parsing arguments
000.929  000.022  000.022: require('vim.shared')
000.976  000.018  000.018: require('vim.inspect')
001.001  000.018  000.018: require('vim._options')
001.002  000.071  000.036: require('vim._editor')
001.003  000.111  000.017: require('vim._init_packages')
001.004  000.247: init lua interpreter
003.042  002.038: expanding arguments
003.054  000.012: inits 2
003.234  000.180: init highlight
003.235  000.001: waiting for UI
003.339  000.104: done waiting for UI
003.343  000.004: clear screen
003.424  000.006  000.006: require('vim.keymap')
004.121  000.119  000.119: sourcing nvim_exec2()
004.221  000.875  000.750: require('vim._defaults')
004.222  000.004: init default mappings & autocommands
004.643  000.046  000.046: sourcing /opt/homebrew/Cellar/neovim/0.11.5/share/nvim/runtime/ftplugin.vim
004.712  000.017  000.017: sourcing /opt/homebrew/Cellar/neovim/0.11.5/share/nvim/runtime/indent.vim
005.720  000.490  000.490: require('lazy')
005.761  000.027  000.027: require('ffi')
005.797  000.024  000.024: require('vim.fs')
005.941  000.143  000.143: require('vim.uri')
005.948  000.186  000.019: require('vim.loader')
006.107  000.142  000.142: require('lazy.stats')
006.245  000.104  000.104: require('lazy.core.util')
006.360  000.115  000.115: require('lazy.core.config')
006.562  000.093  000.093: require('lazy.core.handler')
006.896  000.152  000.152: require('lazy.pkg')
006.899  000.243  000.091: require('lazy.core.meta')
006.903  000.340  000.097: require('lazy.core.plugin')
006.908  000.547  000.114: require('lazy.core.loader')
007.109  000.113  000.113: require('lazy.core.fragments')
009.592  000.095  000.095: require('lazy.core.handler.event')
009.598  000.258  000.162: require('lazy.core.handler.ft')
009.687  000.087  000.087: require('lazy.core.handler.keys')
009.773  000.082  000.082: require('lazy.core.handler.cmd')
010.548  000.146  000.146: sourcing nvim_exec2() called at /opt/homebrew/Cellar/neovim/0.11.5/share/nvim/runtime/filetype.lua:0
010.551  000.203  000.058: sourcing /opt/homebrew/Cellar/neovim/0.11.5/share/nvim/runtime/filetype.lua
010.553  000.262  000.059: sourcing nvim_exec2() called at /Users/jens/.config/nvim/init.lua:0
010.759  000.019  000.019: sourcing /Users/jens/.local/share/nvim/lazy/nightfox.nvim/plugin/nightfox.vim
010.761  000.058  000.039: sourcing nvim_exec2() called at /Users/jens/.config/nvim/init.lua:0
010.765  000.001  000.001: sourcing nvim_exec2() called at /Users/jens/.config/nvim/init.lua:0
010.772  000.001  000.001: sourcing nvim_exec2() called at /Users/jens/.config/nvim/init.lua:0
011.796  000.077  000.077: require('nightfox.lib.collect')
011.884  000.086  000.086: require('nightfox.util')
012.062  000.689  000.526: require('nightfox.config')
012.147  000.084  000.084: require('nightfox')
012.228  000.080  000.080: require('nightfox.override')
012.366  000.104  000.104: require('nightfox.lib.hash')
013.313  001.955  000.998: sourcing /Users/jens/.local/share/nvim/lazy/nightfox.nvim/colors/carbonfox.vim
013.365  000.002  000.002: sourcing nvim_exec2() called at /Users/jens/.config/nvim/init.lua:0
013.372  000.001  000.001: sourcing nvim_exec2() called at /Users/jens/.config/nvim/init.lua:0
013.801  000.427  000.427: require('bamboo')
013.953  000.001  000.001: sourcing nvim_exec2() called at /Users/jens/.config/nvim/init.lua:0
013.962  000.001  000.001: sourcing nvim_exec2() called at /Users/jens/.config/nvim/init.lua:0
014.590  000.082  000.082: require('rose-pine.config')
014.591  000.628  000.545: require('rose-pine')
014.672  000.001  000.001: sourcing nvim_exec2() called at /Users/jens/.config/nvim/init.lua:0
014.677  000.001  000.001: sourcing nvim_exec2() called at /Users/jens/.config/nvim/init.lua:0
014.952  000.019  000.019: sourcing /Users/jens/.local/share/nvim/lazy/plenary.nvim/plugin/plenary.vim
014.954  000.054  000.036: sourcing nvim_exec2() called at /Users/jens/.config/nvim/init.lua:0
014.957  000.001  000.001: sourcing nvim_exec2() called at /Users/jens/.config/nvim/init.lua:0
014.962  000.001  000.001: sourcing nvim_exec2() called at /Users/jens/.config/nvim/init.lua:0
015.062  000.001  000.001: sourcing nvim_exec2() called at /Users/jens/.config/nvim/init.lua:0
015.066  000.001  000.001: sourcing nvim_exec2() called at /Users/jens/.config/nvim/init.lua:0
015.266  000.018  000.018: sourcing /Users/jens/.local/share/nvim/lazy/nvim-web-devicons/plugin/nvim-web-devicons.vim
015.267  000.055  000.037: sourcing nvim_exec2() called at /Users/jens/.config/nvim/init.lua:0
015.271  000.001  000.001: sourcing nvim_exec2() called at /Users/jens/.config/nvim/init.lua:0
015.275  000.001  000.001: sourcing nvim_exec2() called at /Users/jens/.config/nvim/init.lua:0
015.428  000.095  000.095: sourcing /Users/jens/.local/share/nvim/lazy/telescope.nvim/plugin/telescope.lua
015.430  000.128  000.034: sourcing nvim_exec2() called at /Users/jens/.config/nvim/init.lua:0
015.433  000.001  000.001: sourcing nvim_exec2() called at /Users/jens/.config/nvim/init.lua:0
015.438  000.001  000.001: sourcing nvim_exec2() called at /Users/jens/.config/nvim/init.lua:0
016.013  000.114  000.114: require('telescope._extensions')
016.015  000.576  000.462: require('telescope')
016.475  000.087  000.087: require('plenary.bit')
016.555  000.079  000.079: require('plenary.functional')
016.573  000.304  000.138: require('plenary.path')
016.581  000.431  000.127: require('plenary.strings')
016.687  000.106  000.106: require('telescope.deprecated')
017.085  000.005  000.005: require('vim.F')
017.101  000.170  000.165: require('plenary.log')
017.148  000.340  000.170: require('telescope.log')
017.507  000.099  000.099: require('plenary.compat')
017.513  000.242  000.144: require('plenary.job')
017.616  000.101  000.101: require('telescope.state')
017.635  000.487  000.143: require('telescope.utils')
017.640  000.952  000.124: require('telescope.sorters')
018.901  002.884  001.396: require('telescope.config')
020.345  000.580  000.580: require('fzf_lib')
020.347  000.694  000.114: require('telescope._extensions.fzf')
020.458  000.002  000.002: sourcing nvim_exec2() called at /Users/jens/.config/nvim/init.lua:0
020.464  000.001  000.001: sourcing nvim_exec2() called at /Users/jens/.config/nvim/init.lua:0
020.637  000.001  000.001: sourcing nvim_exec2() called at /Users/jens/.config/nvim/init.lua:0
020.642  000.001  000.001: sourcing nvim_exec2() called at /Users/jens/.config/nvim/init.lua:0
021.074  000.088  000.088: require('toggleterm.lazy')
021.156  000.080  000.080: require('toggleterm.constants')
021.268  000.111  000.111: require('toggleterm.terminal')
021.272  000.628  000.348: require('toggleterm')
021.438  000.080  000.080: require('toggleterm.colors')
021.559  000.120  000.120: require('toggleterm.utils')
021.562  000.290  000.090: require('toggleterm.config')
021.757  000.154  000.154: require('vim.version')
022.643  000.133  000.133: require('toggleterm.commandline')
022.655  000.004  000.004: sourcing nvim_exec2() called at /Users/jens/.config/nvim/init.lua:0
022.822  000.013  000.013: sourcing /Users/jens/.local/share/nvim/lazy/todo-comments.nvim/plugin/todo.vim
022.824  000.058  000.045: sourcing nvim_exec2() called at /Users/jens/.config/nvim/init.lua:0
022.827  000.001  000.001: sourcing nvim_exec2() called at /Users/jens/.config/nvim/init.lua:0
022.833  000.001  000.001: sourcing nvim_exec2() called at /Users/jens/.config/nvim/init.lua:0
023.529  000.103  000.103: require('todo-comments.util')
023.536  000.222  000.119: require('todo-comments.config')
023.731  000.093  000.093: require('todo-comments.highlight')
023.733  000.196  000.103: require('todo-comments.jump')
023.734  000.840  000.422: require('todo-comments')
023.795  000.003  000.003: sourcing nvim_exec2() called at /Users/jens/.config/nvim/init.lua:0
023.853  000.001  000.001: sourcing nvim_exec2() called at /Users/jens/.config/nvim/init.lua:0
024.013  000.001  000.001: sourcing nvim_exec2() called at /Users/jens/.config/nvim/init.lua:0
024.018  000.001  000.001: sourcing nvim_exec2() called at /Users/jens/.config/nvim/init.lua:0
024.465  000.444  000.444: require('mini.ai')
025.061  000.241  000.241: require('mini.surround')
025.458  000.002  000.002: sourcing nvim_exec2() called at /Users/jens/.config/nvim/init.lua:0
025.463  000.001  000.001: sourcing nvim_exec2() called at /Users/jens/.config/nvim/init.lua:0
026.414  000.099  000.099: require('diffview.lazy')
026.905  000.118  000.118: require('diffview.ffi')
027.087  000.180  000.180: require('diffview.oop')
027.099  000.463  000.164: require('diffview.async')
027.338  000.229  000.229: require('diffview.utils')
027.523  000.181  000.181: require('diffview.mock')
027.539  001.050  000.179: require('diffview.logger')
027.755  000.195  000.195: require('diffview.control')
027.912  000.150  000.150: require('diffview.events')
027.915  002.019  000.524: require('diffview.bootstrap')
027.927  002.076  000.057: sourcing /Users/jens/.local/share/nvim/lazy/diffview.nvim/plugin/diffview.lua
027.930  002.121  000.045: sourcing nvim_exec2() called at /Users/jens/.config/nvim/init.lua:0
027.934  000.001  000.001: sourcing nvim_exec2() called at /Users/jens/.config/nvim/init.lua:0
027.942  000.001  000.001: sourcing nvim_exec2() called at /Users/jens/.config/nvim/init.lua:0
028.123  000.072  000.072: sourcing /Users/jens/.local/share/nvim/lazy/fzf-lua/plugin/fzf-lua.lua
028.126  000.132  000.059: sourcing nvim_exec2() called at /Users/jens/.config/nvim/init.lua:0
028.129  000.001  000.001: sourcing nvim_exec2() called at /Users/jens/.config/nvim/init.lua:0
028.136  000.001  000.001: sourcing nvim_exec2() called at /Users/jens/.config/nvim/init.lua:0
028.265  000.053  000.053: sourcing /Users/jens/.local/share/nvim/lazy/neogit/plugin/neogit.lua
028.267  000.100  000.046: sourcing nvim_exec2() called at /Users/jens/.config/nvim/init.lua:0
028.270  000.001  000.001: sourcing nvim_exec2() called at /Users/jens/.config/nvim/init.lua:0
028.278  000.001  000.001: sourcing nvim_exec2() called at /Users/jens/.config/nvim/init.lua:0
028.594  000.314  000.314: require('neogit')
029.085  000.341  000.341: require('neogit.lib.util')
029.622  001.025  000.684: require('neogit.config')
029.789  000.165  000.165: require('neogit.lib.signs')
029.930  000.139  000.139: require('neogit.autocmds')
030.249  000.108  000.108: require('neogit.lib.color')
030.251  000.320  000.212: require('neogit.lib.hl')
030.467  000.130  000.130: require('neogit.logger')
030.469  000.218  000.088: require('neogit.lib.state')
030.939  000.082  000.082: require('neogit.lib.ui.component')
031.027  000.086  000.086: require('neogit.lib.ui.renderer')
031.105  000.077  000.077: require('neogit.lib.collection')
031.111  000.404  000.158: require('neogit.lib.ui')
031.117  000.527  000.123: require('neogit.lib.buffer')
031.436  000.093  000.093: require('neogit.lib.git')
031.440  000.219  000.126: require('neogit.buffers.common')
031.910  000.073  000.073: require('plenary.tbl')
031.912  000.150  000.077: require('plenary.vararg.rotate')
031.913  000.231  000.081: require('plenary.vararg')
031.987  000.073  000.073: require('plenary.errors')
031.989  000.385  000.082: require('plenary.async.async')
032.292  000.074  000.074: require('plenary.async.structs')
032.296  000.154  000.080: require('plenary.async.control')
032.299  000.235  000.081: require('plenary.async.util')
032.300  000.310  000.075: require('plenary.async.tests')
032.301  000.860  000.165: require('plenary.async')
032.306  001.188  000.108: require('neogit.buffers.status.ui')
032.385  000.079  000.079: require('neogit.popups')
032.493  000.106  000.106: require('neogit.watcher')
032.569  000.075  000.075: require('neogit.lib.event')
032.572  002.100  000.125: require('neogit.buffers.status')
032.895  000.073  000.073: require('neogit.lib.notification')
032.898  000.161  000.088: require('neogit.lib.popup.builder')
032.974  000.075  000.075: require('neogit.lib.input')
033.170  000.086  000.086: require('neogit.lib.finder')
033.171  000.197  000.110: require('neogit.buffers.fuzzy_finder')
033.254  000.082  000.082: require('neogit.lib.popup.ui')
033.257  000.610  000.095: require('neogit.lib.popup')
033.258  000.685  000.075: require('neogit.lib')
033.576  000.085  000.085: require('neogit.buffers.process')
033.650  000.073  000.073: require('neogit.spinner')
033.658  000.255  000.097: require('neogit.process')
033.736  000.078  000.078: require('neogit.runner')
033.751  000.492  000.159: require('neogit.lib.git.cli')
036.197  000.003  000.003: sourcing nvim_exec2() called at /Users/jens/.config/nvim/init.lua:0
036.231  000.001  000.001: sourcing nvim_exec2() called at /Users/jens/.config/nvim/init.lua:0
036.551  000.001  000.001: sourcing nvim_exec2() called at /Users/jens/.config/nvim/init.lua:0
036.556  000.001  000.001: sourcing nvim_exec2() called at /Users/jens/.config/nvim/init.lua:0
036.562  000.001  000.001: sourcing nvim_exec2() called at /Users/jens/.config/nvim/init.lua:0
036.566  000.001  000.001: sourcing nvim_exec2() called at /Users/jens/.config/nvim/init.lua:0
037.119  000.085  000.085: require('mason-core.path')
037.408  000.081  000.081: require('mason-core.functional.data')
037.499  000.089  000.089: require('mason-core.functional.function')
037.603  000.101  000.101: require('mason-core.functional.list')
037.695  000.086  000.086: require('mason-core.functional.relation')
037.779  000.082  000.082: require('mason-core.functional.logic')
037.864  000.083  000.083: require('mason-core.functional.number')
037.958  000.091  000.091: require('mason-core.functional.string')
038.047  000.087  000.087: require('mason-core.functional.table')
038.130  000.080  000.080: require('mason-core.functional.type')
038.132  000.917  000.135: require('mason-core.functional')
038.163  001.043  000.126: require('mason-core.platform')
038.341  000.177  000.177: require('mason.settings')
038.344  001.404  000.099: require('mason-core.installer.InstallLocation')
038.685  000.165  000.165: require('mason-core.log')
038.688  000.254  000.090: require('mason-core.EventEmitter')
038.781  000.092  000.092: require('mason-registry.sources')
038.784  000.439  000.093: require('mason-registry')
038.786  002.218  000.375: require('mason')
038.952  000.081  000.081: require('mason-lspconfig.settings')
038.954  000.168  000.087: require('mason-lspconfig')
039.264  000.123  000.123: require('mason.api.command')
039.375  000.099  000.099: require('mason-core.async')
039.561  000.098  000.098: require('mason-core.async.control')
039.652  000.090  000.090: require('mason-core.result')
039.821  000.083  000.083: require('mason-core.async.uv')
039.825  000.172  000.089: require('mason-core.fs')
039.833  000.457  000.097: require('mason-registry.installer')
040.098  000.090  000.090: require('mason-core.optional')
040.394  000.120  000.120: require('mason-core.process')
040.483  000.088  000.088: require('mason-core.spawn')
040.485  000.298  000.091: require('mason-core.installer.managers.powershell')
040.566  000.080  000.080: require('mason.version')
040.568  000.468  000.090: require('mason-core.fetch')
040.652  000.083  000.083: require('mason-core.providers')
041.185  000.232  000.232: require('mason-core.purl')
041.195  000.337  000.105: require('mason-core.package.AbstractPackage')
041.900  000.223  000.223: require('mason-core.installer.compiler.expr')
041.912  000.420  000.198: require('mason-core.installer.compiler.link')
042.367  000.076  000.076: require('mason-core.installer.context.InstallContextCwd')
042.447  000.078  000.078: require('mason-core.installer.context.InstallContextFs')
042.559  000.111  000.111: require('mason-core.installer.context.InstallContextSpawn')
042.640  000.079  000.079: require('mason-core.receipt')
042.649  000.447  000.103: require('mason-core.installer.context')
042.650  000.526  000.078: require('mason-core.installer')
042.658  000.645  000.119: require('mason-core.installer.managers.std')
042.660  000.747  000.102: require('mason-core.installer.compiler.schemas')
042.764  000.079  000.079: require('mason-core.installer.compiler.util')
042.769  001.446  000.201: require('mason-core.installer.compiler')
042.850  000.080  000.080: require('mason-core.installer.linker')
042.852  001.657  000.130: require('mason-core.installer.InstallRunner')
042.931  000.078  000.078: require('mason-core.installer.UninstallRunner')
042.935  002.168  000.096: require('mason-core.package')
042.936  002.284  000.116: require('mason-registry.sources.util')
042.941  003.027  000.101: require('mason-registry.sources.github')
046.445  000.076  000.076: require('mason-lspconfig.mappings')
046.447  000.159  000.082: require('mason-lspconfig.features.automatic_enable')
050.354  000.102  000.102: require('vim.lsp.log')
050.716  000.360  000.360: require('vim.lsp.protocol')
050.926  000.208  000.208: require('vim.lsp.util')
051.186  000.102  000.102: require('vim.lsp.sync')
051.193  000.265  000.164: require('vim.lsp._changetracking')
051.416  000.113  000.113: require('vim.lsp._transport')
051.429  000.235  000.121: require('vim.lsp.rpc')
051.473  001.378  000.207: require('vim.lsp')
077.976  000.093  000.093: require('mason-lspconfig.notify')
077.997  000.233  000.139: require('mason-lspconfig.api.command')
078.061  000.004  000.004: sourcing nvim_exec2() called at /Users/jens/.config/nvim/init.lua:0
078.068  000.001  000.001: sourcing nvim_exec2() called at /Users/jens/.config/nvim/init.lua:0
078.473  000.042  000.042: sourcing /Users/jens/.local/share/nvim/lazy/github-theme/plugin/github_theme.lua
078.475  000.097  000.055: sourcing nvim_exec2() called at /Users/jens/.config/nvim/init.lua:0
078.480  000.001  000.001: sourcing nvim_exec2() called at /Users/jens/.config/nvim/init.lua:0
078.518  000.001  000.001: sourcing nvim_exec2() called at /Users/jens/.config/nvim/init.lua:0
078.704  000.001  000.001: sourcing nvim_exec2() called at /Users/jens/.config/nvim/init.lua:0
078.710  000.001  000.001: sourcing nvim_exec2() called at /Users/jens/.config/nvim/init.lua:0
079.000  000.257  000.257: require('mini.indentscope')
079.348  000.001  000.001: sourcing nvim_exec2() called at /Users/jens/.config/nvim/init.lua:0
079.353  000.001  000.001: sourcing nvim_exec2() called at /Users/jens/.config/nvim/init.lua:0
079.819  000.090  000.090: require('harpoon.utils')
079.821  000.192  000.102: require('harpoon.logger')
080.094  000.081  000.081: require('harpoon.autocmd')
080.097  000.173  000.092: require('harpoon.buffer')
080.187  000.089  000.089: require('harpoon.extensions')
080.190  000.368  000.105: require('harpoon.ui')
080.281  000.091  000.091: require('harpoon.data')
080.374  000.092  000.092: require('harpoon.config')
080.471  000.096  000.096: require('harpoon.list')
080.875  001.519  000.681: require('harpoon')
081.155  000.001  000.001: sourcing nvim_exec2() called at /Users/jens/.config/nvim/init.lua:0
081.179  000.001  000.001: sourcing nvim_exec2() called at /Users/jens/.config/nvim/init.lua:0
081.760  000.259  000.259: sourcing /Users/jens/.local/share/nvim/lazy/leap.nvim/plugin/init.lua
081.762  000.298  000.039: sourcing nvim_exec2() called at /Users/jens/.config/nvim/init.lua:0
081.765  000.001  000.001: sourcing nvim_exec2() called at /Users/jens/.config/nvim/init.lua:0
081.775  000.001  000.001: sourcing nvim_exec2() called at /Users/jens/.config/nvim/init.lua:0
082.135  000.358  000.358: require('leap')
082.315  000.179  000.179: require('leap.user')
082.681  000.001  000.001: sourcing nvim_exec2() called at /Users/jens/.config/nvim/init.lua:0
082.699  000.001  000.001: sourcing nvim_exec2() called at /Users/jens/.config/nvim/init.lua:0
082.920  000.001  000.001: sourcing nvim_exec2() called at /Users/jens/.config/nvim/init.lua:0
082.938  000.001  000.001: sourcing nvim_exec2() called at /Users/jens/.config/nvim/init.lua:0
083.754  000.526  000.526: sourcing /Users/jens/.local/share/nvim/lazy/vim-fugitive/plugin/fugitive.vim
083.756  000.567  000.041: sourcing nvim_exec2() called at /Users/jens/.config/nvim/init.lua:0
083.767  000.001  000.001: sourcing nvim_exec2() called at /Users/jens/.config/nvim/init.lua:0
084.023  000.186  000.186: sourcing /Users/jens/.local/share/nvim/lazy/vim-fugitive/ftdetect/fugitive.vim
084.025  000.223  000.036: sourcing nvim_exec2() called at /Users/jens/.config/nvim/init.lua:0
084.036  000.001  000.001: sourcing nvim_exec2() called at /Users/jens/.config/nvim/init.lua:0
084.301  000.001  000.001: sourcing nvim_exec2() called at /Users/jens/.config/nvim/init.lua:0
084.329  000.001  000.001: sourcing nvim_exec2() called at /Users/jens/.config/nvim/init.lua:0
084.751  000.413  000.413: require('onedark')
085.266  000.146  000.146: sourcing /opt/homebrew/Cellar/neovim/0.11.5/share/nvim/runtime/plugin/editorconfig.lua
085.267  000.186  000.040: sourcing nvim_exec2() called at /Users/jens/.config/nvim/init.lua:0
085.400  000.084  000.084: sourcing /opt/homebrew/Cellar/neovim/0.11.5/share/nvim/runtime/plugin/gzip.vim
085.401  000.122  000.038: sourcing nvim_exec2() called at /Users/jens/.config/nvim/init.lua:0
085.607  000.170  000.170: sourcing /opt/homebrew/Cellar/neovim/0.11.5/share/nvim/runtime/plugin/man.lua
085.609  000.205  000.035: sourcing nvim_exec2() called at /Users/jens/.config/nvim/init.lua:0
086.238  000.106  000.106: sourcing /opt/homebrew/Cellar/neovim/0.11.5/share/nvim/runtime/pack/dist/opt/matchit/plugin/matchit.vim
086.249  000.592  000.485: sourcing /opt/homebrew/Cellar/neovim/0.11.5/share/nvim/runtime/plugin/matchit.vim
086.250  000.627  000.035: sourcing nvim_exec2() called at /Users/jens/.config/nvim/init.lua:0
086.376  000.075  000.075: sourcing /opt/homebrew/Cellar/neovim/0.11.5/share/nvim/runtime/plugin/matchparen.vim
086.382  000.114  000.039: sourcing nvim_exec2() called at /Users/jens/.config/nvim/init.lua:0
087.234  000.302  000.302: sourcing /opt/homebrew/Cellar/neovim/0.11.5/share/nvim/runtime/pack/dist/opt/netrw/plugin/netrwPlugin.vim
087.244  000.779  000.477: sourcing /opt/homebrew/Cellar/neovim/0.11.5/share/nvim/runtime/plugin/netrwPlugin.vim
087.245  000.815  000.036: sourcing nvim_exec2() called at /Users/jens/.config/nvim/init.lua:0
087.427  000.090  000.090: sourcing /opt/homebrew/Cellar/neovim/0.11.5/share/nvim/runtime/plugin/osc52.lua
087.429  000.133  000.043: sourcing nvim_exec2() called at /Users/jens/.config/nvim/init.lua:0
087.582  000.079  000.079: sourcing /opt/homebrew/Cellar/neovim/0.11.5/share/nvim/runtime/plugin/rplugin.vim
087.584  000.121  000.043: sourcing nvim_exec2() called at /Users/jens/.config/nvim/init.lua:0
087.653  000.028  000.028: sourcing /opt/homebrew/Cellar/neovim/0.11.5/share/nvim/runtime/plugin/shada.vim
087.654  000.068  000.040: sourcing nvim_exec2() called at /Users/jens/.config/nvim/init.lua:0
087.707  000.008  000.008: sourcing /opt/homebrew/Cellar/neovim/0.11.5/share/nvim/runtime/plugin/spellfile.vim
087.708  000.049  000.041: sourcing nvim_exec2() called at /Users/jens/.config/nvim/init.lua:0
087.798  000.047  000.047: sourcing /opt/homebrew/Cellar/neovim/0.11.5/share/nvim/runtime/plugin/tarPlugin.vim
087.799  000.087  000.040: sourcing nvim_exec2() called at /Users/jens/.config/nvim/init.lua:0
087.906  000.059  000.059: sourcing /opt/homebrew/Cellar/neovim/0.11.5/share/nvim/runtime/plugin/tohtml.lua
087.908  000.102  000.043: sourcing nvim_exec2() called at /Users/jens/.config/nvim/init.lua:0
087.961  000.010  000.010: sourcing /opt/homebrew/Cellar/neovim/0.11.5/share/nvim/runtime/plugin/tutor.vim
087.963  000.050  000.040: sourcing nvim_exec2() called at /Users/jens/.config/nvim/init.lua:0
088.068  000.065  000.065: sourcing /opt/homebrew/Cellar/neovim/0.11.5/share/nvim/runtime/plugin/zipPlugin.vim
088.069  000.104  000.040: sourcing nvim_exec2() called at /Users/jens/.config/nvim/init.lua:0
088.230  083.412  048.320: require('core.lazy')
088.562  000.157  000.157: require('core.defaults')
088.830  000.266  000.266: require('core.keymaps')
088.831  000.599  000.176: require('core')
088.832  084.037  000.026: sourcing /Users/jens/.config/nvim/init.lua
088.839  000.518: sourcing vimrc file(s)
089.376  000.043  000.043: sourcing /opt/homebrew/Cellar/neovim/0.11.5/share/nvim/runtime/filetype.lua
089.771  000.054  000.054: sourcing /opt/homebrew/Cellar/neovim/0.11.5/share/nvim/runtime/syntax/synload.vim
089.819  000.278  000.224: sourcing /opt/homebrew/Cellar/neovim/0.11.5/share/nvim/runtime/syntax/syntax.vim
089.828  000.667: inits 3
090.777  000.950: reading ShaDa
090.854  000.077: opening buffers
090.877  000.023: BufEnter autocommands
090.878  000.001: editing files in windows
090.995  000.117: VimEnter autocommands
091.328  000.299  000.299: require('vim.termcap')
091.352  000.014  000.014: require('vim.text')
091.368  000.060: UIEnter autocommands
091.369  000.001: before starting main loop
091.513  000.144: first screen update
091.515  000.002: --- NVIM STARTED ---

--- Startup times for process: Primary (or UI client) ---

times in msec
 clock   self+sourced   self:  sourced script
 clock   elapsed:              other lines

000.000  000.000: --- NVIM STARTING ---
000.086  000.085: event init
000.251  000.165: early init
000.419  000.169: locale set
000.450  000.031: init first window
000.955  000.504: inits 1
000.962  000.007: window checked
000.963  000.002: parsing arguments
001.433  000.038  000.038: require('vim.shared')
001.516  000.033  000.033: require('vim.inspect')
001.556  000.032  000.032: require('vim._options')
001.558  000.120  000.055: require('vim._editor')
001.559  000.193  000.035: require('vim._init_packages')
001.561  000.404: init lua interpreter
003.455  001.894: nvim_ui_attach
003.713  000.258: nvim_set_client_info
003.716  000.002: --- NVIM STARTED ---

--- Startup times for process: Embedded ---

times in msec
 clock   self+sourced   self:  sourced script
 clock   elapsed:              other lines

000.000  000.000: --- NVIM STARTING ---
000.082  000.081: event init
000.220  000.138: early init
000.373  000.153: locale set
000.399  000.026: init first window
000.761  000.362: inits 1
000.780  000.019: window checked
000.781  000.001: parsing arguments
001.068  000.022  000.022: require('vim.shared')
001.116  000.018  000.018: require('vim.inspect')
001.146  000.026  000.026: require('vim._options')
001.147  000.077  000.034: require('vim._editor')
001.148  000.116  000.017: require('vim._init_packages')
001.149  000.251: init lua interpreter
002.964  001.815: expanding arguments
002.973  000.009: inits 2
003.143  000.170: init highlight
003.144  000.000: waiting for UI
003.254  000.111: done waiting for UI
003.258  000.004: clear screen
003.334  000.008  000.008: require('vim.keymap')
003.933  000.105  000.105: sourcing nvim_exec2()
004.028  000.768  000.655: require('vim._defaults')
004.029  000.003: init default mappings & autocommands
004.388  000.038  000.038: sourcing /opt/homebrew/Cellar/neovim/0.11.5/share/nvim/runtime/ftplugin.vim
004.467  000.031  000.031: sourcing /opt/homebrew/Cellar/neovim/0.11.5/share/nvim/runtime/indent.vim
005.332  000.440  000.440: require('lazy')
005.367  000.025  000.025: require('ffi')
005.400  000.021  000.021: require('vim.fs')
005.541  000.139  000.139: require('vim.uri')
005.548  000.179  000.019: require('vim.loader')
005.748  000.184  000.184: require('lazy.stats')
005.930  000.145  000.145: require('lazy.core.util')
006.073  000.142  000.142: require('lazy.core.config')
006.339  000.121  000.121: require('lazy.core.handler')
006.700  000.162  000.162: require('lazy.pkg')
006.705  000.262  000.100: require('lazy.core.meta')
006.710  000.370  000.108: require('lazy.core.plugin')
006.715  000.637  000.146: require('lazy.core.loader')
006.969  000.144  000.144: require('lazy.core.fragments')
009.130  000.171  000.171: require('lazy.core.handler.keys')
009.359  000.129  000.129: require('lazy.core.handler.event')
009.361  000.228  000.099: require('lazy.core.handler.ft')
009.444  000.082  000.082: require('lazy.core.handler.cmd')
010.271  000.132  000.132: sourcing nvim_exec2() called at /opt/homebrew/Cellar/neovim/0.11.5/share/nvim/runtime/filetype.lua:0
010.273  000.189  000.057: sourcing /opt/homebrew/Cellar/neovim/0.11.5/share/nvim/runtime/filetype.lua
010.275  000.257  000.068: sourcing nvim_exec2() called at /Users/jens/.config/nvim/init.lua:0
010.420  000.021  000.021: sourcing /Users/jens/.local/share/nvim/lazy/nightfox.nvim/plugin/nightfox.vim
010.422  000.062  000.040: sourcing nvim_exec2() called at /Users/jens/.config/nvim/init.lua:0
010.425  000.001  000.001: sourcing nvim_exec2() called at /Users/jens/.config/nvim/init.lua:0
010.430  000.001  000.001: sourcing nvim_exec2() called at /Users/jens/.config/nvim/init.lua:0
011.431  000.106  000.106: require('nightfox.lib.collect')
011.562  000.130  000.130: require('nightfox.util')
011.635  000.583  000.346: require('nightfox.config')
011.730  000.094  000.094: require('nightfox')
011.805  000.073  000.073: require('nightfox.override')
011.910  000.073  000.073: require('nightfox.lib.hash')
012.748  001.713  000.889: sourcing /Users/jens/.local/share/nvim/lazy/nightfox.nvim/colors/carbonfox.vim
012.782  000.003  000.003: sourcing nvim_exec2() called at /Users/jens/.config/nvim/init.lua:0
012.788  000.001  000.001: sourcing nvim_exec2() called at /Users/jens/.config/nvim/init.lua:0
013.206  000.415  000.415: require('bamboo')
013.304  000.002  000.002: sourcing nvim_exec2() called at /Users/jens/.config/nvim/init.lua:0
013.312  000.001  000.001: sourcing nvim_exec2() called at /Users/jens/.config/nvim/init.lua:0
013.580  000.083  000.083: sourcing /Users/jens/.local/share/nvim/lazy/github-theme/plugin/github_theme.lua
013.582  000.127  000.043: sourcing nvim_exec2() called at /Users/jens/.config/nvim/init.lua:0
013.586  000.001  000.001: sourcing nvim_exec2() called at /Users/jens/.config/nvim/init.lua:0
013.598  000.001  000.001: sourcing nvim_exec2() called at /Users/jens/.config/nvim/init.lua:0
013.721  000.001  000.001: sourcing nvim_exec2() called at /Users/jens/.config/nvim/init.lua:0
013.727  000.001  000.001: sourcing nvim_exec2() called at /Users/jens/.config/nvim/init.lua:0
014.513  000.778  000.778: require('mini.indentscope')
014.944  000.003  000.003: sourcing nvim_exec2() called at /Users/jens/.config/nvim/init.lua:0
014.979  000.001  000.001: sourcing nvim_exec2() called at /Users/jens/.config/nvim/init.lua:0
015.191  000.001  000.001: sourcing nvim_exec2() called at /Users/jens/.config/nvim/init.lua:0
015.196  000.001  000.001: sourcing nvim_exec2() called at /Users/jens/.config/nvim/init.lua:0
015.323  000.001  000.001: sourcing nvim_exec2() called at /Users/jens/.config/nvim/init.lua:0
015.327  000.001  000.001: sourcing nvim_exec2() called at /Users/jens/.config/nvim/init.lua:0
015.473  000.001  000.001: sourcing nvim_exec2() called at /Users/jens/.config/nvim/init.lua:0
015.477  000.001  000.001: sourcing nvim_exec2() called at /Users/jens/.config/nvim/init.lua:0
016.074  000.102  000.102: require('toggleterm.lazy')
016.172  000.096  000.096: require('toggleterm.constants')
016.289  000.116  000.116: require('toggleterm.terminal')
016.292  000.813  000.499: require('toggleterm')
016.475  000.082  000.082: require('toggleterm.colors')
016.587  000.111  000.111: require('toggleterm.utils')
016.593  000.300  000.107: require('toggleterm.config')
016.640  000.002  000.002: require('vim.F')
016.945  000.304  000.304: require('vim.version')
017.875  000.122  000.122: require('toggleterm.commandline')
017.888  000.004  000.004: sourcing nvim_exec2() called at /Users/jens/.config/nvim/init.lua:0
017.939  000.001  000.001: sourcing nvim_exec2() called at /Users/jens/.config/nvim/init.lua:0
017.945  000.001  000.001: sourcing nvim_exec2() called at /Users/jens/.config/nvim/init.lua:0
018.208  000.001  000.001: sourcing nvim_exec2() called at /Users/jens/.config/nvim/init.lua:0
018.211  000.001  000.001: sourcing nvim_exec2() called at /Users/jens/.config/nvim/init.lua:0
018.217  000.001  000.001: sourcing nvim_exec2() called at /Users/jens/.config/nvim/init.lua:0
018.220  000.001  000.001: sourcing nvim_exec2() called at /Users/jens/.config/nvim/init.lua:0
018.746  000.098  000.098: require('mason-core.path')
019.010  000.072  000.072: require('mason-core.functional.data')
019.157  000.146  000.146: require('mason-core.functional.function')
019.268  000.107  000.107: require('mason-core.functional.list')
019.350  000.077  000.077: require('mason-core.functional.relation')
019.425  000.073  000.073: require('mason-core.functional.logic')
019.504  000.077  000.077: require('mason-core.functional.number')
019.593  000.085  000.085: require('mason-core.functional.string')
019.678  000.083  000.083: require('mason-core.functional.table')
019.753  000.074  000.074: require('mason-core.functional.type')
019.756  000.922  000.128: require('mason-core.functional')
019.783  001.036  000.114: require('mason-core.platform')
019.912  000.129  000.129: require('mason.settings')
019.915  001.365  000.102: require('mason-core.installer.InstallLocation')
020.191  000.106  000.106: require('mason-core.log')
020.192  000.188  000.083: require('mason-core.EventEmitter')
020.285  000.092  000.092: require('mason-registry.sources')
020.288  000.372  000.092: require('mason-registry')
020.290  002.067  000.330: require('mason')
020.450  000.077  000.077: require('mason-lspconfig.settings')
020.452  000.162  000.084: require('mason-lspconfig')
020.748  000.123  000.123: require('mason.api.command')
020.888  000.106  000.106: require('mason-core.async')
021.061  000.090  000.090: require('mason-core.async.control')
021.148  000.085  000.085: require('mason-core.result')
021.421  000.160  000.160: require('mason-core.async.uv')
021.430  000.282  000.121: require('mason-core.fs')
021.443  000.554  000.097: require('mason-registry.installer')
021.861  000.189  000.189: require('mason-core.optional')
022.156  000.122  000.122: require('mason-core.process')
022.340  000.116  000.116: require('mason-core.spawn')
022.341  000.383  000.146: require('mason-core.installer.managers.powershell')
022.447  000.105  000.105: require('mason.version')
022.449  000.587  000.099: require('mason-core.fetch')
022.553  000.103  000.103: require('mason-core.providers')
022.908  000.119  000.119: require('mason-core.purl')
022.912  000.203  000.084: require('mason-core.package.AbstractPackage')
023.223  000.075  000.075: require('mason-core.installer.compiler.expr')
023.227  000.157  000.082: require('mason-core.installer.compiler.link')
023.598  000.070  000.070: require('mason-core.installer.context.InstallContextCwd')
023.673  000.074  000.074: require('mason-core.installer.context.InstallContextFs')
023.745  000.071  000.071: require('mason-core.installer.context.InstallContextSpawn')
023.819  000.072  000.072: require('mason-core.receipt')
023.828  000.378  000.090: require('mason-core.installer.context')
023.829  000.447  000.069: require('mason-core.installer')
023.834  000.534  000.087: require('mason-core.installer.managers.std')
023.836  000.608  000.074: require('mason-core.installer.compiler.schemas')
023.907  000.070  000.070: require('mason-core.installer.compiler.util')
023.911  000.921  000.085: require('mason-core.installer.compiler')
023.985  000.073  000.073: require('mason-core.installer.linker')
023.987  001.074  000.079: require('mason-core.installer.InstallRunner')
024.059  000.071  000.071: require('mason-core.installer.UninstallRunner')
024.062  001.432  000.083: require('mason-core.package')
024.063  001.509  000.077: require('mason-registry.sources.util')
024.067  002.526  000.138: require('mason-registry.sources.github')
027.245  000.071  000.071: require('mason-lspconfig.mappings')
027.273  000.177  000.106: require('mason-lspconfig.features.automatic_enable')
031.620  000.101  000.101: require('vim.lsp.log')
032.032  000.410  000.410: require('vim.lsp.protocol')
032.177  000.144  000.144: require('vim.lsp.util')
032.337  000.076  000.076: require('vim.lsp.sync')
032.339  000.161  000.084: require('vim.lsp._changetracking')
032.515  000.082  000.082: require('vim.lsp._transport')
032.548  000.208  000.126: require('vim.lsp.rpc')
032.587  001.213  000.190: require('vim.lsp')
058.650  000.079  000.079: require('mason-lspconfig.notify')
058.662  000.194  000.114: require('mason-lspconfig.api.command')
058.936  000.149  000.149: sourcing /Users/jens/.local/share/nvim/lazy/leap.nvim/plugin/init.lua
058.939  000.217  000.068: sourcing nvim_exec2() called at /Users/jens/.config/nvim/init.lua:0
058.944  000.002  000.002: sourcing nvim_exec2() called at /Users/jens/.config/nvim/init.lua:0
058.949  000.001  000.001: sourcing nvim_exec2() called at /Users/jens/.config/nvim/init.lua:0
059.178  000.228  000.228: require('leap')
059.271  000.091  000.091: require('leap.user')
059.702  000.018  000.018: sourcing /Users/jens/.local/share/nvim/lazy/plenary.nvim/plugin/plenary.vim
059.704  000.054  000.036: sourcing nvim_exec2() called at /Users/jens/.config/nvim/init.lua:0
059.733  000.001  000.001: sourcing nvim_exec2() called at /Users/jens/.config/nvim/init.lua:0
059.749  000.001  000.001: sourcing nvim_exec2() called at /Users/jens/.config/nvim/init.lua:0
059.924  000.001  000.001: sourcing nvim_exec2() called at /Users/jens/.config/nvim/init.lua:0
059.927  000.001  000.001: sourcing nvim_exec2() called at /Users/jens/.config/nvim/init.lua:0
060.180  000.024  000.024: sourcing /Users/jens/.local/share/nvim/lazy/nvim-web-devicons/plugin/nvim-web-devicons.vim
060.182  000.061  000.037: sourcing nvim_exec2() called at /Users/jens/.config/nvim/init.lua:0
060.185  000.001  000.001: sourcing nvim_exec2() called at /Users/jens/.config/nvim/init.lua:0
060.188  000.001  000.001: sourcing nvim_exec2() called at /Users/jens/.config/nvim/init.lua:0
060.353  000.107  000.107: sourcing /Users/jens/.local/share/nvim/lazy/telescope.nvim/plugin/telescope.lua
060.355  000.140  000.033: sourcing nvim_exec2() called at /Users/jens/.config/nvim/init.lua:0
060.358  000.001  000.001: sourcing nvim_exec2() called at /Users/jens/.config/nvim/init.lua:0
060.361  000.001  000.001: sourcing nvim_exec2() called at /Users/jens/.config/nvim/init.lua:0
060.677  000.088  000.088: require('telescope._extensions')
060.679  000.316  000.228: require('telescope')
061.055  000.077  000.077: require('plenary.bit')
061.134  000.078  000.078: require('plenary.functional')
061.151  000.276  000.121: require('plenary.path')
061.160  000.375  000.099: require('plenary.strings')
061.235  000.075  000.075: require('telescope.deprecated')
061.530  000.136  000.136: require('plenary.log')
061.562  000.243  000.107: require('telescope.log')
061.899  000.076  000.076: require('plenary.compat')
061.903  000.220  000.144: require('plenary.job')
061.980  000.076  000.076: require('telescope.state')
061.993  000.430  000.134: require('telescope.utils')
061.996  000.760  000.087: require('telescope.sorters')
062.857  002.177  000.967: require('telescope.config')
063.873  000.512  000.512: require('fzf_lib')
063.875  000.616  000.104: require('telescope._extensions.fzf')
063.944  000.001  000.001: sourcing nvim_exec2() called at /Users/jens/.config/nvim/init.lua:0
063.949  000.001  000.001: sourcing nvim_exec2() called at /Users/jens/.config/nvim/init.lua:0
064.117  000.001  000.001: sourcing nvim_exec2() called at /Users/jens/.config/nvim/init.lua:0
064.121  000.001  000.001: sourcing nvim_exec2() called at /Users/jens/.config/nvim/init.lua:0
064.700  000.133  000.133: require('rose-pine.config')
064.703  000.580  000.447: require('rose-pine')
065.377  000.516  000.516: sourcing /Users/jens/.local/share/nvim/lazy/vim-fugitive/plugin/fugitive.vim
065.379  000.557  000.041: sourcing nvim_exec2() called at /Users/jens/.config/nvim/init.lua:0
065.385  000.001  000.001: sourcing nvim_exec2() called at /Users/jens/.config/nvim/init.lua:0
065.496  000.009  000.009: sourcing /Users/jens/.local/share/nvim/lazy/vim-fugitive/ftdetect/fugitive.vim
065.498  000.051  000.043: sourcing nvim_exec2() called at /Users/jens/.config/nvim/init.lua:0
065.502  000.001  000.001: sourcing nvim_exec2() called at /Users/jens/.config/nvim/init.lua:0
065.716  000.001  000.001: sourcing nvim_exec2() called at /Users/jens/.config/nvim/init.lua:0
065.725  000.001  000.001: sourcing nvim_exec2() called at /Users/jens/.config/nvim/init.lua:0
066.220  000.489  000.489: require('mini.ai')
066.803  000.243  000.243: require('mini.surround')
067.762  000.152  000.152: require('diffview.lazy')
068.447  000.229  000.229: require('diffview.ffi')
068.716  000.268  000.268: require('diffview.oop')
068.777  000.811  000.315: require('diffview.async')
069.503  000.661  000.661: require('diffview.utils')
069.617  000.082  000.082: require('diffview.mock')
069.624  001.829  000.275: require('diffview.logger')
069.718  000.088  000.088: require('diffview.control')
069.868  000.117  000.117: require('diffview.events')
069.871  002.574  000.388: require('diffview.bootstrap')
069.880  002.628  000.054: sourcing /Users/jens/.local/share/nvim/lazy/diffview.nvim/plugin/diffview.lua
069.883  002.669  000.041: sourcing nvim_exec2() called at /Users/jens/.config/nvim/init.lua:0
069.889  000.001  000.001: sourcing nvim_exec2() called at /Users/jens/.config/nvim/init.lua:0
069.894  000.001  000.001: sourcing nvim_exec2() called at /Users/jens/.config/nvim/init.lua:0
070.015  000.037  000.037: sourcing /Users/jens/.local/share/nvim/lazy/fzf-lua/plugin/fzf-lua.lua
070.017  000.075  000.038: sourcing nvim_exec2() called at /Users/jens/.config/nvim/init.lua:0
070.019  000.001  000.001: sourcing nvim_exec2() called at /Users/jens/.config/nvim/init.lua:0
070.024  000.001  000.001: sourcing nvim_exec2() called at /Users/jens/.config/nvim/init.lua:0
070.125  000.040  000.040: sourcing /Users/jens/.local/share/nvim/lazy/neogit/plugin/neogit.lua
070.127  000.076  000.035: sourcing nvim_exec2() called at /Users/jens/.config/nvim/init.lua:0
070.129  000.001  000.001: sourcing nvim_exec2() called at /Users/jens/.config/nvim/init.lua:0
070.133  000.001  000.001: sourcing nvim_exec2() called at /Users/jens/.config/nvim/init.lua:0
070.293  000.127  000.127: require('neogit')
070.495  000.089  000.089: require('neogit.lib.util')
070.556  000.262  000.172: require('neogit.config')
070.633  000.076  000.076: require('neogit.lib.signs')
070.708  000.073  000.073: require('neogit.autocmds')
070.889  000.084  000.084: require('neogit.lib.color')
070.891  000.182  000.099: require('neogit.lib.hl')
071.104  000.138  000.138: require('neogit.logger')
071.106  000.215  000.077: require('neogit.lib.state')
071.527  000.079  000.079: require('neogit.lib.ui.component')
071.605  000.077  000.077: require('neogit.lib.ui.renderer')
071.690  000.083  000.083: require('neogit.lib.collection')
071.695  000.352  000.112: require('neogit.lib.ui')
071.701  000.466  000.114: require('neogit.lib.buffer')
071.973  000.067  000.067: require('neogit.lib.git')
071.977  000.151  000.084: require('neogit.buffers.common')
072.363  000.067  000.067: require('plenary.tbl')
072.365  000.136  000.070: require('plenary.vararg.rotate')
072.366  000.214  000.077: require('plenary.vararg')
072.436  000.069  000.069: require('plenary.errors')
072.437  000.374  000.091: require('plenary.async.async')
072.747  000.074  000.074: require('plenary.async.structs')
072.750  000.156  000.082: require('plenary.async.control')
072.753  000.233  000.078: require('plenary.async.util')
072.754  000.316  000.082: require('plenary.async.tests')
072.755  000.777  000.087: require('plenary.async')
072.759  001.058  000.130: require('neogit.buffers.status.ui')
072.831  000.071  000.071: require('neogit.popups')
072.904  000.072  000.072: require('neogit.watcher')
072.971  000.066  000.066: require('neogit.lib.event')
072.974  001.866  000.133: require('neogit.buffers.status')
073.270  000.070  000.070: require('neogit.lib.notification')
073.273  000.151  000.080: require('neogit.lib.popup.builder')
073.344  000.070  000.070: require('neogit.lib.input')
073.494  000.080  000.080: require('neogit.lib.finder')
073.495  000.150  000.070: require('neogit.buffers.fuzzy_finder')
073.569  000.073  000.073: require('neogit.lib.popup.ui')
073.572  000.529  000.085: require('neogit.lib.popup')
073.572  000.597  000.067: require('neogit.lib')
073.830  000.074  000.074: require('neogit.buffers.process')
073.934  000.103  000.103: require('neogit.spinner')
073.942  000.263  000.087: require('neogit.process')
074.014  000.072  000.072: require('neogit.runner')
074.029  000.455  000.120: require('neogit.lib.git.cli')
075.666  000.002  000.002: sourcing nvim_exec2() called at /Users/jens/.config/nvim/init.lua:0
075.670  000.001  000.001: sourcing nvim_exec2() called at /Users/jens/.config/nvim/init.lua:0
075.937  000.265  000.265: require('onedark')
076.052  000.001  000.001: sourcing nvim_exec2() called at /Users/jens/.config/nvim/init.lua:0
076.056  000.001  000.001: sourcing nvim_exec2() called at /Users/jens/.config/nvim/init.lua:0
076.240  000.001  000.001: sourcing nvim_exec2() called at /Users/jens/.config/nvim/init.lua:0
076.244  000.001  000.001: sourcing nvim_exec2() called at /Users/jens/.config/nvim/init.lua:0
076.445  000.001  000.001: sourcing nvim_exec2() called at /Users/jens/.config/nvim/init.lua:0
076.448  000.000  000.000: sourcing nvim_exec2() called at /Users/jens/.config/nvim/init.lua:0
076.629  000.001  000.001: sourcing nvim_exec2() called at /Users/jens/.config/nvim/init.lua:0
076.633  000.001  000.001: sourcing nvim_exec2() called at /Users/jens/.config/nvim/init.lua:0
077.044  000.076  000.076: require('harpoon.utils')
077.046  000.155  000.079: require('harpoon.logger')
077.268  000.071  000.071: require('harpoon.autocmd')
077.270  000.147  000.076: require('harpoon.buffer')
077.346  000.075  000.075: require('harpoon.extensions')
077.349  000.302  000.079: require('harpoon.ui')
077.426  000.076  000.076: require('harpoon.data')
077.504  000.077  000.077: require('harpoon.config')
077.581  000.077  000.077: require('harpoon.list')
077.672  001.037  000.350: require('harpoon')
077.814  000.013  000.013: sourcing /Users/jens/.local/share/nvim/lazy/todo-comments.nvim/plugin/todo.vim
077.815  000.054  000.040: sourcing nvim_exec2() called at /Users/jens/.config/nvim/init.lua:0
077.818  000.001  000.001: sourcing nvim_exec2() called at /Users/jens/.config/nvim/init.lua:0
077.822  000.001  000.001: sourcing nvim_exec2() called at /Users/jens/.config/nvim/init.lua:0
078.288  000.088  000.088: require('todo-comments.util')
078.293  000.183  000.096: require('todo-comments.config')
078.472  000.103  000.103: require('todo-comments.highlight')
078.474  000.180  000.077: require('todo-comments.jump')
078.475  000.616  000.252: require('todo-comments')
078.615  000.040  000.040: sourcing /opt/homebrew/Cellar/neovim/0.11.5/share/nvim/runtime/plugin/editorconfig.lua
078.617  000.079  000.039: sourcing nvim_exec2() called at /Users/jens/.config/nvim/init.lua:0
078.749  000.091  000.091: sourcing /opt/homebrew/Cellar/neovim/0.11.5/share/nvim/runtime/plugin/gzip.vim
078.750  000.131  000.039: sourcing nvim_exec2() called at /Users/jens/.config/nvim/init.lua:0
078.831  000.045  000.045: sourcing /opt/homebrew/Cellar/neovim/0.11.5/share/nvim/runtime/plugin/man.lua
078.832  000.080  000.034: sourcing nvim_exec2() called at /Users/jens/.config/nvim/init.lua:0
079.468  000.112  000.112: sourcing /opt/homebrew/Cellar/neovim/0.11.5/share/nvim/runtime/pack/dist/opt/matchit/plugin/matchit.vim
079.477  000.609  000.498: sourcing /opt/homebrew/Cellar/neovim/0.11.5/share/nvim/runtime/plugin/matchit.vim
079.478  000.644  000.035: sourcing nvim_exec2() called at /Users/jens/.config/nvim/init.lua:0
079.590  000.075  000.075: sourcing /opt/homebrew/Cellar/neovim/0.11.5/share/nvim/runtime/plugin/matchparen.vim
079.592  000.111  000.035: sourcing nvim_exec2() called at /Users/jens/.config/nvim/init.lua:0
080.217  000.127  000.127: sourcing /opt/homebrew/Cellar/neovim/0.11.5/share/nvim/runtime/pack/dist/opt/netrw/plugin/netrwPlugin.vim
080.225  000.597  000.469: sourcing /opt/homebrew/Cellar/neovim/0.11.5/share/nvim/runtime/plugin/netrwPlugin.vim
080.226  000.632  000.035: sourcing nvim_exec2() called at /Users/jens/.config/nvim/init.lua:0
080.309  000.042  000.042: sourcing /opt/homebrew/Cellar/neovim/0.11.5/share/nvim/runtime/plugin/osc52.lua
080.311  000.082  000.040: sourcing nvim_exec2() called at /Users/jens/.config/nvim/init.lua:0
080.423  000.072  000.072: sourcing /opt/homebrew/Cellar/neovim/0.11.5/share/nvim/runtime/plugin/rplugin.vim
080.425  000.111  000.039: sourcing nvim_exec2() called at /Users/jens/.config/nvim/init.lua:0
080.495  000.030  000.030: sourcing /opt/homebrew/Cellar/neovim/0.11.5/share/nvim/runtime/plugin/shada.vim
080.496  000.070  000.039: sourcing nvim_exec2() called at /Users/jens/.config/nvim/init.lua:0
080.546  000.008  000.008: sourcing /opt/homebrew/Cellar/neovim/0.11.5/share/nvim/runtime/plugin/spellfile.vim
080.548  000.049  000.041: sourcing nvim_exec2() called at /Users/jens/.config/nvim/init.lua:0
080.655  000.053  000.053: sourcing /opt/homebrew/Cellar/neovim/0.11.5/share/nvim/runtime/plugin/tarPlugin.vim
080.656  000.094  000.041: sourcing nvim_exec2() called at /Users/jens/.config/nvim/init.lua:0
080.740  000.040  000.040: sourcing /opt/homebrew/Cellar/neovim/0.11.5/share/nvim/runtime/plugin/tohtml.lua
080.742  000.082  000.042: sourcing nvim_exec2() called at /Users/jens/.config/nvim/init.lua:0
080.822  000.010  000.010: sourcing /opt/homebrew/Cellar/neovim/0.11.5/share/nvim/runtime/plugin/tutor.vim
080.824  000.051  000.041: sourcing nvim_exec2() called at /Users/jens/.config/nvim/init.lua:0
080.957  000.065  000.065: sourcing /opt/homebrew/Cellar/neovim/0.11.5/share/nvim/runtime/plugin/zipPlugin.vim
080.958  000.106  000.041: sourcing nvim_exec2() called at /Users/jens/.config/nvim/init.lua:0
081.074  076.470  045.236: require('core.lazy')
081.263  000.100  000.100: require('core.defaults')
081.368  000.103  000.103: require('core.keymaps')
081.369  000.294  000.090: require('core')
081.370  076.792  000.028: sourcing /Users/jens/.config/nvim/init.lua
081.374  000.483: sourcing vimrc file(s)
081.754  000.046  000.046: sourcing /opt/homebrew/Cellar/neovim/0.11.5/share/nvim/runtime/filetype.lua
082.002  000.033  000.033: sourcing /opt/homebrew/Cellar/neovim/0.11.5/share/nvim/runtime/syntax/synload.vim
082.040  000.186  000.153: sourcing /opt/homebrew/Cellar/neovim/0.11.5/share/nvim/runtime/syntax/syntax.vim
082.049  000.444: inits 3
082.945  000.896: reading ShaDa
082.996  000.050: opening buffers
083.005  000.009: BufEnter autocommands
083.007  000.001: editing files in windows
083.084  000.077: VimEnter autocommands
083.208  000.107  000.107: require('vim.termcap')
083.224  000.011  000.011: require('vim.text')
083.277  000.075: UIEnter autocommands
083.278  000.001: before starting main loop
083.423  000.145: first screen update
083.424  000.001: --- NVIM STARTED ---

